<?xml version="1.0" encoding="UTF-8"?>
<!-- Generated by org.testng.reporters.JUnitReportReporter -->
<testsuite skipped="0" hostname="Elifs-Air.attlocal.net" name="com.hubspot.tests.HomePageTest" tests="3" failures="0" timestamp="03 Dec 2019 16:11:38 GMT" time="42.575" errors="0">
  <testcase name="verifyHomePageTitleTest" time="13.680" classname="com.hubspot.tests.HomePageTest"/>
  <testcase name="verifyHomePageHeader" time="13.891" classname="com.hubspot.tests.HomePageTest"/>
  <testcase name="verifyLoggedInUserInfo" time="15.004" classname="com.hubspot.tests.HomePageTest"/>
</testsuite> <!-- com.hubspot.tests.HomePageTest -->
