<?xml version="1.0" encoding="UTF-8"?>
<!-- Generated by org.testng.reporters.JUnitReportReporter -->
<testsuite skipped="0" hostname="Elifs-Air.attlocal.net" name="com.hubspot.tests.LoginTest" tests="1" failures="0" timestamp="21 Nov 2019 00:36:27 GMT" time="15.094" errors="0">
  <testcase name="loginTest5" time="15.094" classname="com.hubspot.tests.LoginTest"/>
</testsuite> <!-- com.hubspot.tests.LoginTest -->
