<?xml version="1.0" encoding="UTF-8"?>
<!-- Generated by org.testng.reporters.JUnitReportReporter -->
<testsuite skipped="0" hostname="Elifs-Air.attlocal.net" name="com.hubspot.tests.LoginPageTest" tests="2" failures="0" timestamp="03 Dec 2019 16:11:38 GMT" time="19.841" errors="0">
  <testcase name="loginTest" time="9.032" classname="com.hubspot.tests.LoginPageTest"/>
  <testcase name="loginPageTitleTest" time="10.809" classname="com.hubspot.tests.LoginPageTest"/>
</testsuite> <!-- com.hubspot.tests.LoginPageTest -->
